<?xml version="1.0" encoding="UTF-8" ?>
<testsuite errors="1" failures="0" hostname="DESKTOP-3EGDK9G" name="LeanFtTest.test" skipped="0" tests="1" time="0.0" timestamp="2020-02-21T16:24:53">
  <properties>
[...]
</properties>
  <error message="LeanFtTest.test" type="java.lang.ClassNotFoundException">java.lang.ClassNotFoundException: LeanFtTest.test
	at java.net.URLClassLoader.findClass(Unknown Source)
	at java.lang.ClassLoader.loadClass(Unknown Source)
	at sun.misc.Launcher$AppClassLoader.loadClass(Unknown Source)
	at java.lang.ClassLoader.loadClass(Unknown Source)
	at java.lang.Class.forName0(Native Method)
	at java.lang.Class.forName(Unknown Source)
</error>
  <system-out><![CDATA[]]></system-out>
  <system-err><![CDATA[]]></system-err>
</testsuite>
